[02:36:12] [ServerMain/INFO]: Building unoptimized datafixer
[02:36:13] [ServerMain/INFO]: Environment: authHost='https://authserver.mojang.com', accountsHost='https://api.mojang.com', sessionHost='https://sessionserver.mojang.com', servicesHost='https://api.minecraftservices.com', name='PROD'
[02:36:15] [ServerMain/INFO]: Loaded 7 recipes
[02:36:15] [ServerMain/INFO]: Loaded 1179 advancements
[02:36:16] [Server thread/INFO]: Starting minecraft server version 1.19.2
[02:36:16] [Server thread/INFO]: Loading properties
[02:36:16] [Server thread/INFO]: Default game type: SURVIVAL
[02:36:16] [Server thread/INFO]: Generating keypair
[02:36:16] [Server thread/INFO]: Starting Minecraft server on *:25565
[02:36:16] [Server thread/INFO]: Using epoll channel type
[02:36:16] [Server thread/WARN]: **** SERVER IS RUNNING IN OFFLINE/INSECURE MODE!
[02:36:16] [Server thread/WARN]: The server will make no attempt to authenticate usernames. Beware.
[02:36:16] [Server thread/WARN]: While this makes the game possible to play without internet access, it also opens up the ability for hackers to connect with any username they choose.
[02:36:16] [Server thread/WARN]: To change this, set "online-mode" to "true" in the server.properties file.
[02:36:16] [Server thread/INFO]: Preparing level "world"
[02:36:16] [Server thread/INFO]: Preparing start region for dimension minecraft:overworld
[02:36:21] [Worker-Main-2/INFO]: Preparing spawn area: 0%
[02:36:21] [Worker-Main-2/INFO]: Preparing spawn area: 0%
[02:36:21] [Worker-Main-1/INFO]: Preparing spawn area: 0%
[02:36:21] [Worker-Main-1/INFO]: Preparing spawn area: 0%
[02:36:21] [Worker-Main-2/INFO]: Preparing spawn area: 0%
[02:36:21] [Worker-Main-1/INFO]: Preparing spawn area: 0%
[02:36:21] [Worker-Main-1/INFO]: Preparing spawn area: 0%
[02:36:21] [Worker-Main-2/INFO]: Preparing spawn area: 0%
[02:36:21] [Worker-Main-1/INFO]: Preparing spawn area: 0%
[02:36:21] [Worker-Main-2/INFO]: Preparing spawn area: 0%
[02:36:22] [Worker-Main-2/INFO]: Preparing spawn area: 0%
[02:36:22] [Worker-Main-2/INFO]: Preparing spawn area: 0%
[02:36:23] [Worker-Main-2/INFO]: Preparing spawn area: 0%
[02:36:23] [Worker-Main-1/INFO]: Preparing spawn area: 27%
[02:36:24] [Worker-Main-1/INFO]: Preparing spawn area: 84%
[02:36:24] [Server thread/INFO]: Time elapsed: 7077 ms
[02:36:24] [Server thread/INFO]: Done (7.324s)! For help, type "help"
[02:36:29] [Server thread/INFO]: MARK1[/127.42.16.212:34045] logged in with entity id 99 at (694.6999999880791, 97.9375, -1041.699999988079)
[02:36:29] [Server thread/INFO]: MARK1 joined the game
[02:36:32] [Server thread/WARN]: Can't keep up! Is the server overloaded? Running 3146ms or 62 ticks behind
